2024-06-28 13:58:19,993 - INFO - Program has exited


^^^^^^^^



2024-06-28 13:58:19,997 - INFO - file/directory: 'historical csv files' was found, moving on.
2024-06-28 13:58:19,997 - INFO - Entering loop # 1
2024-06-28 13:58:42,504 - WARNING - User selected 'y' (emergency situation). Processing only a list for today
2024-06-28 13:58:42,504 - INFO - Entering loop # 2
2024-06-28 13:58:46,321 - INFO - Selected to close via ctrl + c
2024-06-28 13:58:46,322 - CRITICAL - Program closed when it wasn't supposed to. Error: 
2024-06-28 14:36:14,422 - INFO - Program has exited


^^^^^^^^



2024-06-28 14:36:34,241 - INFO - Program has exited


^^^^^^^^



2024-06-28 14:36:57,652 - INFO - Program has exited


^^^^^^^^



2024-06-28 14:38:51,796 - INFO - Program has exited


^^^^^^^^



2024-06-28 14:39:04,249 - INFO - Program has exited


^^^^^^^^



2024-06-28 14:39:17,146 - INFO - Program has exited


^^^^^^^^



2024-06-28 14:40:33,213 - INFO - Program has exited


^^^^^^^^



2024-06-28 14:41:12,270 - INFO - Program has exited


^^^^^^^^



2024-06-28 14:41:50,564 - INFO - Program has exited


^^^^^^^^



2024-06-28 14:42:05,970 - INFO - Program has exited


^^^^^^^^



2024-06-28 14:43:16,086 - INFO - Program has exited


^^^^^^^^



2024-06-28 14:46:40,355 - INFO - Program has exited


^^^^^^^^



2024-06-28 14:47:12,964 - INFO - Program has exited


^^^^^^^^



2024-06-28 14:48:14,641 - INFO - Program has exited


^^^^^^^^



2024-06-28 14:50:10,252 - INFO - Program has exited


^^^^^^^^



2024-06-28 14:50:40,154 - INFO - Program has exited


^^^^^^^^



2024-06-29 10:45:14,355 - INFO - file/directory: 'historical csv files' was found, moving on.
2024-06-29 10:45:14,356 - INFO - Entering loop # 1
2024-06-29 10:45:18,482 - CRITICAL - Program closed when it wasn't supposed to. Error: 'str' object is not callable
2024-06-29 10:47:58,801 - INFO - file/directory: 'historical csv files' was found, moving on.
2024-06-29 10:47:58,802 - INFO - Entering loop # 1
2024-06-29 10:49:03,350 - INFO - file/directory: 'historical csv files' was found, moving on.
2024-06-29 10:49:03,350 - INFO - Entering loop # 1
2024-06-29 10:49:09,028 - CRITICAL - Program closed when it wasn't supposed to. Error: 'str' object is not callable
2024-06-29 10:49:22,112 - INFO - file/directory: 'historical csv files' was found, moving on.
2024-06-29 10:49:22,113 - INFO - Entering loop # 1
2024-06-29 10:49:36,987 - CRITICAL - Program closed when it wasn't supposed to. Error: 'str' object is not callable
2024-06-29 10:50:21,148 - INFO - file/directory: 'historical csv files' was found, moving on.
2024-06-29 10:50:21,149 - INFO - Entering loop # 1
2024-06-29 10:54:10,486 - INFO - file/directory: 'historical csv files' was found, moving on.
2024-06-29 10:54:10,487 - INFO - Entering loop # 1
2024-06-29 11:11:24,794 - INFO - file/directory: 'historical csv files' was found, moving on.
2024-06-29 11:11:24,794 - INFO - Entering loop # 1
2024-06-29 11:12:49,397 - INFO - file/directory: 'historical csv files' was found, moving on.
2024-06-29 11:12:49,398 - INFO - Entering loop # 1
2024-06-29 11:18:35,514 - INFO - file/directory: 'historical csv files' was found, moving on.
2024-06-29 11:18:35,514 - INFO - Entering loop # 1
2024-06-29 11:19:18,973 - WARNING - User selected 'y' (emergency situation). Processing only a list for today
2024-06-29 11:19:18,974 - INFO - Entering loop # 2
2024-06-29 11:25:34,101 - INFO - file/directory: 'historical csv files' was found, moving on.
2024-06-29 11:25:34,102 - INFO - Entering loop # 1
2024-06-29 11:26:08,261 - INFO - User selected 'n', and was directed to the main menu
2024-06-29 11:26:08,261 - INFO - Entering loop # 2
2024-06-29 11:26:30,120 - WARNING - User selected 'y' (emergency situation). Processing only a list for today
2024-06-29 11:26:30,121 - INFO - Entering loop # 3
2024-06-29 19:10:18,226 - INFO - file/directory: 'historical csv files' was found, moving on.
2024-06-29 19:10:18,227 - INFO - Entering loop # 1
2024-06-29 19:10:27,030 - INFO - selected site: 1
2024-06-29 19:10:30,623 - INFO - User selected 'n', and was directed to the main menu
2024-06-29 19:10:30,633 - CRITICAL - Program closed when it wasn't supposed to. Error: 'headerId'
2024-06-29 19:13:00,816 - INFO - file/directory: 'historical csv files' was found, moving on.
2024-06-29 19:13:07,777 - INFO - Entering loop # 1
2024-06-29 19:14:25,786 - INFO - selected site: 2
2024-06-29 19:14:40,735 - INFO - User selected 'n', and was directed to the main menu
2024-06-29 19:20:01,903 - INFO - file/directory: 'historical csv files' was found, moving on.
2024-06-29 19:20:01,904 - INFO - Entering loop # 1
2024-06-29 19:20:09,178 - INFO - selected site: 2
2024-06-29 19:20:10,795 - INFO - User selected 'n', and was directed to the main menu
2024-06-29 19:20:10,796 - CRITICAL - Program closed when it wasn't supposed to. Error: 'headerId'
2024-06-29 19:21:09,318 - INFO - file/directory: 'historical csv files' was found, moving on.
2024-06-29 19:21:09,318 - INFO - Entering loop # 1
2024-06-29 19:21:15,980 - INFO - selected site: 2
2024-06-29 19:21:18,032 - INFO - User selected 'n', and was directed to the main menu
2024-06-29 19:21:18,033 - CRITICAL - Program closed when it wasn't supposed to. Error: 'headerId'
2024-06-29 19:22:52,608 - INFO - file/directory: 'historical csv files' was found, moving on.
2024-06-29 19:22:52,609 - INFO - Entering loop # 1
2024-06-29 19:22:58,952 - INFO - selected site: 2
2024-06-29 19:23:00,129 - INFO - User selected 'n', and was directed to the main menu
2024-06-29 19:23:00,134 - CRITICAL - Program closed when it wasn't supposed to. Error: 'headerId'
2024-06-29 19:23:46,625 - INFO - file/directory: 'historical csv files' was found, moving on.
2024-06-29 19:23:46,625 - INFO - Entering loop # 1
2024-06-29 19:23:59,179 - INFO - selected site: 2
2024-06-29 19:24:00,517 - INFO - User selected 'n', and was directed to the main menu
2024-06-29 19:24:00,521 - CRITICAL - Program closed when it wasn't supposed to. Error: 'headerId'
2024-06-29 19:24:33,374 - INFO - file/directory: 'historical csv files' was found, moving on.
2024-06-29 19:24:33,375 - INFO - Entering loop # 1
2024-06-29 19:24:36,181 - INFO - selected site: 2
2024-06-29 19:24:37,267 - INFO - User selected 'n', and was directed to the main menu
2024-06-29 19:24:37,271 - CRITICAL - Program closed when it wasn't supposed to. Error: 'headerId'
2024-06-29 19:25:47,905 - INFO - file/directory: 'historical csv files' was found, moving on.
2024-06-29 19:25:47,905 - INFO - Entering loop # 1
2024-06-29 19:25:50,706 - INFO - selected site: 2
2024-06-29 19:25:51,731 - INFO - User selected 'n', and was directed to the main menu
2024-06-29 19:25:51,734 - CRITICAL - Program closed when it wasn't supposed to. Error: 'API_KEY'
2024-06-29 19:27:05,357 - INFO - file/directory: 'historical csv files' was found, moving on.
2024-06-29 19:27:05,358 - INFO - Entering loop # 1
2024-06-29 19:27:08,550 - INFO - selected site: 2
2024-06-29 19:27:10,383 - INFO - User selected 'n', and was directed to the main menu
2024-06-29 19:27:10,419 - CRITICAL - Program closed when it wasn't supposed to. Error: HTTPSConnectionPool(host='api.us.crosschexcloud.com', port=443): Max retries exceeded with url: / (Caused by NameResolutionError("<urllib3.connection.HTTPSConnection object at 0x000001A6A9D6F460>: Failed to resolve 'api.us.crosschexcloud.com' ([Errno 11001] getaddrinfo failed)"))
2024-06-29 19:43:49,336 - INFO - file/directory: 'historical csv files' was found, moving on.
2024-06-29 19:43:49,336 - INFO - Entering loop # 1
2024-06-29 19:43:56,720 - INFO - selected site: 2
2024-06-29 19:43:58,454 - INFO - User selected 'n', and was directed to the main menu
2024-06-29 19:43:58,486 - CRITICAL - Program closed when it wasn't supposed to. Error: HTTPSConnectionPool(host='api.us.crosschexcloud.com', port=443): Max retries exceeded with url: / (Caused by NameResolutionError("<urllib3.connection.HTTPSConnection object at 0x000002310EF6E460>: Failed to resolve 'api.us.crosschexcloud.com' ([Errno 11001] getaddrinfo failed)"))
2024-06-29 19:45:44,040 - INFO - file/directory: 'historical csv files' was found, moving on.
2024-06-29 19:45:44,041 - INFO - Entering loop # 1
2024-06-29 19:45:46,650 - INFO - selected site: 2
2024-06-29 19:45:48,632 - INFO - User selected 'n', and was directed to the main menu
2024-06-29 19:45:51,425 - INFO - Entering loop # 2
2024-06-29 21:02:06,619 - INFO - file/directory: 'historical csv files' was found, moving on.
2024-06-29 21:02:06,620 - INFO - Entering loop # 1
2024-06-29 21:02:10,652 - INFO - selected site: 2
2024-06-29 21:02:12,657 - INFO - User selected 'n', and was directed to the main menu
2024-06-29 21:02:13,218 - INFO - Entering loop # 2
2024-06-29 21:15:04,761 - INFO - file/directory: 'historical csv files' was found, moving on.
2024-06-29 21:15:04,761 - INFO - Entering loop # 1
2024-06-29 21:15:08,035 - INFO - selected site: 2
2024-06-29 21:15:10,297 - INFO - User selected 'n', and was directed to the main menu
2024-06-29 21:15:10,811 - INFO - Entering loop # 2
2024-06-29 21:44:50,463 - INFO - file/directory: 'historical csv files' was found, moving on.
2024-06-29 21:44:50,464 - INFO - Entering loop # 1
2024-06-29 21:44:55,402 - INFO - selected site: 2
2024-06-29 21:44:59,263 - WARNING - User selected 'y' (emergency situation). Processing only a list for today
2024-06-29 21:44:59,814 - CRITICAL - Program closed when it wasn't supposed to. Error: 'API' object has no attribute 'get_page_num'
2024-06-29 21:46:02,505 - INFO - file/directory: 'historical csv files' was found, moving on.
2024-06-29 21:46:02,506 - INFO - Entering loop # 1
2024-06-29 21:46:06,200 - INFO - selected site: 2
2024-06-29 21:46:10,567 - WARNING - User selected 'y' (emergency situation). Processing only a list for today
2024-06-29 21:46:11,101 - CRITICAL - Program closed when it wasn't supposed to. Error: 'API' object has no attribute 'get_page_num'
2024-06-29 21:46:59,507 - INFO - file/directory: 'historical csv files' was found, moving on.
2024-06-29 21:46:59,508 - INFO - Entering loop # 1
2024-06-29 21:47:02,805 - INFO - selected site: 2
2024-06-29 21:47:04,880 - WARNING - User selected 'y' (emergency situation). Processing only a list for today
2024-06-29 21:49:00,161 - INFO - file/directory: 'historical csv files' was found, moving on.
2024-06-29 21:49:00,162 - INFO - Entering loop # 1
2024-06-29 21:49:06,495 - INFO - selected site: 2
2024-06-29 21:49:09,882 - WARNING - User selected 'y' (emergency situation). Processing only a list for today
2024-06-29 21:49:10,454 - CRITICAL - Program closed when it wasn't supposed to. Error: 'API' object has no attribute 'get_page_num'
2024-07-01 10:42:10,926 - INFO - file/directory: 'historical csv files' was found, moving on.
2024-07-01 10:42:10,928 - INFO - Entering loop # 1
2024-07-01 10:42:15,515 - INFO - selected site: 2
2024-07-01 10:42:23,018 - WARNING - User selected 'y' (emergency situation). Processing only a list for today
2024-07-01 10:42:23,573 - CRITICAL - Program closed when it wasn't supposed to. Error: 'API' object has no attribute 'get_page_num'
2024-07-01 10:44:46,102 - INFO - file/directory: 'historical csv files' was found, moving on.
2024-07-01 10:44:46,104 - INFO - Entering loop # 1
2024-07-01 10:44:49,336 - INFO - selected site: 2
2024-07-01 10:44:51,909 - WARNING - User selected 'y' (emergency situation). Processing only a list for today
2024-07-01 10:46:19,771 - ERROR - Set_Page_num failed for : {e}
2024-07-01 10:46:19,773 - CRITICAL - Program closed when it wasn't supposed to. Error: '<=' not supported between instances of 'int' and 'NoneType'
2024-07-01 12:37:14,597 - INFO - Failed at set_config_timestamp: module 'util' has no attribute 'write_config'
2024-07-01 12:53:34,813 - INFO - successfully wrote in timestamp
2024-07-01 12:53:34,814 - INFO - Failed at set_config_timestamp: name 'right_now' is not defined
2024-07-01 12:59:36,043 - INFO - successfully wrote in timestamp
2024-07-01 13:00:00,141 - INFO - sucessfully wrote the new timestamp 2024-07-01 12:58:33.315187
2024-07-01 13:05:30,883 - INFO - Failed at set_config_timestamp: 'dict' object has no attribute 'write'
2024-07-01 14:08:10,724 - WARNING - Section 'Data' or key 'last_request' not found in the config file
2024-07-01 14:08:10,728 - INFO - successfully wrote in timestamp
2024-07-01 14:08:50,497 - INFO - sucessfully wrote the new timestamp 2024-07-01 14:08:04.501767
2024-07-01 14:09:49,585 - WARNING - Section 'Data' or key 'last_request' not found in the config file
2024-07-01 14:09:49,587 - INFO - successfully wrote in timestamp
2024-07-01 14:10:58,471 - INFO - Failed at set_config_timestamp: 'data'
2024-07-01 14:12:29,639 - INFO - Failed at set_config_timestamp: option values must be strings
2024-07-01 14:13:45,034 - INFO - able to find and change the value
2024-07-01 14:13:45,036 - INFO - successfully wrote in timestamp
2024-07-01 14:13:51,577 - INFO - sucessfully wrote the new timestamp 2024-07-01 14:13:28.581997
2024-07-01 14:32:38,743 - INFO - able to find and change the value
2024-07-01 14:32:38,747 - INFO - successfully wrote in timestamp
2024-07-01 14:32:40,850 - INFO - sucessfully wrote the new timestamp 2024-07-01 14:32:01.799552
2024-07-01 14:36:58,771 - INFO - able to find and change the value
2024-07-01 14:36:58,773 - INFO - successfully wrote in timestamp
2024-07-01 14:36:59,360 - INFO - sucessfully wrote the new timestamp 2024-07-01 14:36:55.661915
2024-07-01 14:38:58,756 - INFO - able to find and change the value
2024-07-01 14:38:58,758 - INFO - successfully wrote in timestamp
2024-07-01 14:38:58,759 - INFO - sucessfully wrote the new timestamp 2024-07-01 14:38:58.755569
2024-07-01 14:39:49,157 - INFO - able to find and change the value
2024-07-01 14:39:49,158 - INFO - successfully wrote in timestamp
2024-07-01 14:39:49,159 - INFO - sucessfully wrote the new timestamp 2024-07-01 14:39:49.157446
2024-07-01 14:41:24,137 - INFO - able to find and change the value
2024-07-01 14:41:24,141 - INFO - successfully wrote in timestamp
2024-07-01 14:41:24,142 - INFO - sucessfully wrote the new timestamp 2024-07-01 14:41:24.135966
2024-07-01 14:42:26,148 - INFO - able to find and change the value
2024-07-01 14:42:26,151 - INFO - successfully wrote in timestamp
2024-07-01 14:42:26,152 - INFO - sucessfully wrote the new timestamp 2024-07-01 14:42:26.147010
2024-07-01 14:44:05,831 - INFO - able to find and change the value
2024-07-01 14:44:05,832 - INFO - successfully wrote in timestamp
2024-07-01 14:44:05,833 - INFO - sucessfully wrote the new timestamp 2024-07-01 14:44:05.830174
2024-07-01 14:45:44,694 - INFO - able to find and change the value
2024-07-01 14:45:44,696 - INFO - successfully wrote in timestamp
2024-07-01 14:45:44,696 - INFO - sucessfully wrote the new timestamp 2024-07-01 14:45:44.693765
2024-07-01 14:47:17,812 - INFO - able to find and change the value
2024-07-01 14:47:17,814 - INFO - successfully wrote in timestamp
2024-07-01 14:47:17,815 - INFO - sucessfully wrote the new timestamp 2024-07-01 14:47:17.810743
2024-07-01 14:48:53,688 - INFO - able to find and change the value
2024-07-01 14:48:53,690 - INFO - successfully wrote in timestamp
2024-07-01 14:48:53,691 - INFO - sucessfully wrote the new timestamp 2024-07-01 14:48:53.687814
2024-07-01 14:50:14,224 - INFO - able to find and change the value
2024-07-01 14:50:14,225 - INFO - successfully wrote in timestamp
2024-07-01 14:50:14,226 - INFO - sucessfully wrote the new timestamp 2024-07-01 14:50:14.223752
2024-07-01 15:06:20,733 - INFO - file/directory: 'historical csv files' was found, moving on.
2024-07-01 15:06:20,734 - INFO - Entering loop # 1
2024-07-01 15:06:32,068 - INFO - selected site: 2
2024-07-01 15:36:00,527 - INFO - file/directory: 'historical csv files' was found, moving on.
2024-07-01 15:36:00,528 - INFO - Entering loop # 1
2024-07-01 15:36:18,333 - INFO - selected site: 2
2024-07-01 15:36:23,108 - WARNING - User selected 'y' (emergency situation). Processing only a list for today
2024-07-01 15:36:23,112 - CRITICAL - Program closed when it wasn't supposed to. Error: local variable 'new_api' referenced before assignment
2024-07-01 15:38:00,648 - INFO - file/directory: 'historical csv files' was found, moving on.
2024-07-01 15:38:00,649 - INFO - Entering loop # 1
2024-07-01 15:38:05,227 - INFO - selected site: 2
2024-07-01 15:38:07,578 - WARNING - User selected 'y' (emergency situation). Processing only a list for today
2024-07-01 15:38:23,164 - ERROR - Set_Page_num failed for : {e}
2024-07-01 15:38:23,165 - CRITICAL - Program closed when it wasn't supposed to. Error: '<=' not supported between instances of 'int' and 'NoneType'
2024-07-01 15:39:37,980 - INFO - file/directory: 'historical csv files' was found, moving on.
2024-07-01 15:39:37,981 - INFO - Entering loop # 1
2024-07-01 15:39:43,317 - INFO - selected site: 2
2024-07-01 15:39:45,198 - WARNING - User selected 'y' (emergency situation). Processing only a list for today
2024-07-01 15:43:35,747 - INFO - file/directory: 'historical csv files' was found, moving on.
2024-07-01 15:43:35,747 - INFO - Entering loop # 1
2024-07-01 15:43:41,705 - INFO - selected site: 2
2024-07-01 15:43:43,000 - WARNING - User selected 'y' (emergency situation). Processing only a list for today
2024-07-01 15:57:50,510 - INFO - file/directory: 'historical csv files' was found, moving on.
2024-07-01 15:57:50,510 - INFO - Entering loop # 1
2024-07-01 15:57:56,235 - INFO - selected site: 2
2024-07-01 15:57:56,987 - WARNING - User selected 'y' (emergency situation). Processing only a list for today
2024-07-01 15:58:06,857 - ERROR - Set_Page_num failed for : {e}
2024-07-01 15:58:06,857 - ERROR - Unable to get initial API instance '<=' not supported between instances of 'int' and 'NoneType'
2024-07-01 15:58:06,859 - INFO - able to find and change the value
2024-07-01 15:58:06,860 - INFO - successfully wrote in timestamp
2024-07-01 15:58:06,861 - INFO - sucessfully wrote the new timestamp 2024-07-01 15:58:06.858107
2024-07-01 15:58:06,861 - INFO - At leas the config_timestamp was reset
2024-07-01 15:59:05,641 - INFO - Entering loop # 2
2024-07-01 16:00:32,565 - INFO - selected site: 2
2024-07-01 16:00:34,766 - WARNING - User selected 'y' (emergency situation). Processing only a list for today
2024-07-01 16:00:43,053 - ERROR - Set_Page_num failed for : {e}
2024-07-01 16:00:43,054 - ERROR - Unable to get initial API instance '<=' not supported between instances of 'int' and 'NoneType'
2024-07-01 16:00:43,055 - INFO - able to find and change the value
2024-07-01 16:00:43,057 - INFO - successfully wrote in timestamp
2024-07-01 16:00:43,058 - INFO - sucessfully wrote the new timestamp 2024-07-01 16:00:43.054564
2024-07-01 16:00:43,058 - INFO - At leas the config_timestamp was reset
2024-07-01 16:00:50,833 - INFO - Entering loop # 3
2024-07-01 16:08:01,971 - INFO - file/directory: 'historical csv files' was found, moving on.
2024-07-01 16:08:01,972 - CRITICAL - Program closed when it wasn't supposed to. Error: local variable 'running' referenced before assignment
2024-07-01 16:08:51,778 - INFO - file/directory: 'historical csv files' was found, moving on.
2024-07-01 16:08:51,778 - INFO - Entering loop # 1
2024-07-01 16:08:56,440 - INFO - selected site: 2
2024-07-01 16:08:59,255 - WARNING - User selected 'y' (emergency situation). Processing only a list for today
2024-07-01 16:10:59,074 - INFO - file/directory: 'historical csv files' was found, moving on.
2024-07-01 16:10:59,075 - INFO - Entering loop # 1
2024-07-01 16:11:05,803 - INFO - selected site: 2
2024-07-01 16:11:08,781 - WARNING - User selected 'y' (emergency situation). Processing only a list for today
2024-07-01 16:12:20,732 - ERROR - Set_Page_num failed for : {e}
2024-07-01 16:12:20,732 - ERROR - Unable to get initial API instance '<=' not supported between instances of 'int' and 'NoneType'
2024-07-01 16:12:20,735 - INFO - able to find and change the value
2024-07-01 16:12:20,736 - INFO - successfully wrote in timestamp
2024-07-01 16:12:20,736 - INFO - sucessfully wrote the new timestamp 2024-07-01 16:12:20.733618
2024-07-01 16:12:20,737 - INFO - At least the config_timestamp was reset
2024-07-01 16:14:05,526 - INFO - file/directory: 'historical csv files' was found, moving on.
2024-07-01 16:14:05,527 - INFO - Entering loop # 1
2024-07-01 16:14:13,569 - INFO - selected site: 2
2024-07-01 16:14:16,035 - WARNING - User selected 'y' (emergency situation). Processing only a list for today
2024-07-01 16:14:52,167 - ERROR - Set_Page_num failed for : {e}
2024-07-01 16:14:52,168 - ERROR - Unable to get initial API instance '<=' not supported between instances of 'int' and 'NoneType'
2024-07-01 16:14:52,170 - INFO - able to find and change the value
2024-07-01 16:14:52,171 - INFO - successfully wrote in timestamp
2024-07-01 16:14:52,172 - INFO - sucessfully wrote the new timestamp 2024-07-01 16:14:52.168249
2024-07-01 16:14:52,172 - INFO - At least the config_timestamp was reset
2024-07-01 16:16:39,927 - INFO - Entering loop # 2
2024-07-01 16:16:46,668 - INFO - Selected to close via ctrl + c
2024-07-01 16:16:46,669 - CRITICAL - Program closed when it wasn't supposed to. Error: 
2024-07-01 16:20:53,146 - INFO - file/directory: 'historical csv files' was found, moving on.
2024-07-01 16:20:53,147 - INFO - Entering loop # 1
2024-07-01 16:20:59,917 - INFO - selected site: 2
2024-07-01 16:21:01,885 - WARNING - User selected 'y' (emergency situation). Processing only a list for today
2024-07-01 16:21:21,256 - ERROR - Set_Page_num failed for : {e}
2024-07-01 16:21:21,258 - ERROR - Unable to get initial API instance int() argument must be a string, a bytes-like object or a number, not 'NoneType'
2024-07-01 16:21:21,263 - INFO - able to find and change the value
2024-07-01 16:21:21,267 - INFO - successfully wrote in timestamp
2024-07-01 16:21:21,268 - INFO - sucessfully wrote the new timestamp 2024-07-01 16:21:21.259138
2024-07-01 16:21:21,269 - INFO - At least the config_timestamp was reset
2024-07-01 16:24:15,423 - INFO - file/directory: 'historical csv files' was found, moving on.
2024-07-01 16:24:15,424 - INFO - Entering loop # 1
2024-07-01 16:24:22,668 - INFO - selected site: 2
2024-07-01 16:24:25,377 - WARNING - User selected 'y' (emergency situation). Processing only a list for today
2024-07-02 07:53:40,011 - INFO - file/directory: 'historical csv files' was found, moving on.
2024-07-02 07:53:40,012 - INFO - Entering loop # 1
2024-07-02 07:54:53,934 - INFO - selected site: 2
2024-07-02 07:54:56,605 - WARNING - User selected 'y' (emergency situation). Processing only a list for today
2024-07-02 08:07:38,872 - INFO - file/directory: 'historical csv files' was found, moving on.
2024-07-02 08:07:38,873 - INFO - Entering loop # 1
2024-07-02 08:07:45,778 - INFO - selected site: 2
2024-07-02 08:07:47,291 - WARNING - User selected 'y' (emergency situation). Processing only a list for today
2024-07-02 08:09:31,117 - INFO - There was no exception when creating API instance
2024-07-02 08:09:31,123 - INFO - able to find and change the value
2024-07-02 08:09:31,125 - INFO - successfully wrote in timestamp
2024-07-02 08:09:31,125 - INFO - sucessfully wrote the new timestamp 2024-07-02 08:09:31.117482
2024-07-02 08:09:31,125 - INFO - After successful API, config time was reset
2024-07-02 08:11:55,319 - INFO - file/directory: 'historical csv files' was found, moving on.
2024-07-02 08:11:55,319 - INFO - Entering loop # 1
2024-07-02 08:11:57,866 - INFO - selected site: 2
2024-07-02 08:11:59,570 - WARNING - User selected 'y' (emergency situation). Processing only a list for today
2024-07-02 08:44:32,832 - INFO - file/directory: 'historical csv files' was found, moving on.
2024-07-02 08:44:32,833 - INFO - Entering loop # 1
2024-07-02 08:44:36,622 - INFO - selected site: 2
2024-07-02 08:44:38,076 - WARNING - User selected 'y' (emergency situation). Processing only a list for today
2024-07-02 08:44:39,219 - INFO - Total number of records: 92
2024-07-02 08:44:40,284 - INFO - Got list number 1 of 1
2024-07-02 08:45:11,821 - INFO - There was no exception when creating API instance
2024-07-02 08:45:11,824 - INFO - able to find and change the value
2024-07-02 08:45:11,826 - INFO - successfully wrote in timestamp
2024-07-02 08:45:11,827 - INFO - sucessfully wrote the new timestamp 2024-07-02 08:45:11.822264
2024-07-02 08:45:11,827 - INFO - After successful API, config time was reset
2024-07-02 08:45:21,950 - INFO - Entering loop # 2
2024-07-02 08:50:52,653 - INFO - file/directory: 'historical csv files' was found, moving on.
2024-07-02 08:50:52,653 - INFO - Entering loop # 1
2024-07-02 08:50:55,080 - INFO - selected site: 2
2024-07-02 08:50:56,890 - WARNING - User selected 'y' (emergency situation). Processing only a list for today
2024-07-02 08:50:57,728 - INFO - Total number of records: 92
2024-07-02 08:50:58,714 - INFO - Got list number 1 of 1
2024-07-02 08:51:14,921 - INFO - Program exited safely on its own
2024-07-02 17:35:13,063 - INFO - file/directory: 'historical csv files' was found, moving on.
2024-07-02 17:35:13,063 - INFO - Entering loop # 1
2024-07-02 17:35:16,515 - INFO - selected site: 2
2024-07-02 17:35:17,278 - WARNING - User selected 'y' (emergency situation). Processing only a list for today
2024-07-02 17:35:18,122 - INFO - Total number of records: 176
2024-07-02 17:35:19,147 - INFO - Got list number 1 of 2
2024-07-08 14:51:27,215 - INFO - file/directory: 'historical csv files' was found, moving on.
2024-07-08 14:51:27,216 - INFO - Entering loop # 1
2024-07-08 14:51:30,355 - INFO - selected site: 2
2024-07-08 14:51:31,708 - WARNING - User selected 'y' (emergency situation). Processing only a list for today
2024-07-08 14:51:32,727 - INFO - Total number of records: 106
2024-07-08 14:51:33,853 - INFO - Got list number 1 of 2
2024-07-08 14:51:47,165 - INFO - Got list number 2 of 2
2024-07-08 14:51:47,170 - ERROR - Unable to get initial API instance who_onsite() missing 1 required positional argument: 'site'
2024-07-08 14:51:47,173 - INFO - able to find and change the value
2024-07-08 14:51:47,174 - INFO - successfully wrote in timestamp
2024-07-08 14:51:47,174 - INFO - sucessfully wrote the new timestamp 2024-07-08 14:51:47.171873
2024-07-08 14:51:47,175 - INFO - At least the config_timestamp was reset
2024-07-08 14:51:47,175 - INFO - Program exited safely on its own
2024-07-08 14:52:19,611 - INFO - file/directory: 'historical csv files' was found, moving on.
2024-07-08 14:52:19,612 - INFO - Entering loop # 1
2024-07-08 14:52:23,665 - INFO - selected site: 2
2024-07-08 14:52:24,326 - WARNING - User selected 'y' (emergency situation). Processing only a list for today
2024-07-08 14:52:48,500 - INFO - Total number of records: 106
2024-07-08 14:52:49,737 - INFO - Got list number 1 of 2
2024-07-08 14:52:50,275 - INFO - Got list number 2 of 2
2024-07-08 14:52:50,280 - ERROR - Unable to get initial API instance argument of type 'int' is not iterable
2024-07-08 14:52:50,281 - INFO - able to find and change the value
2024-07-08 14:52:50,282 - INFO - successfully wrote in timestamp
2024-07-08 14:52:50,283 - INFO - sucessfully wrote the new timestamp 2024-07-08 14:52:50.280858
2024-07-08 14:52:50,284 - INFO - At least the config_timestamp was reset
2024-07-08 14:52:50,284 - INFO - Program exited safely on its own
2024-07-08 14:58:03,482 - INFO - file/directory: 'historical csv files' was found, moving on.
2024-07-08 14:58:03,483 - INFO - Entering loop # 1
2024-07-08 14:58:09,301 - INFO - selected site: 2
2024-07-08 14:58:10,866 - WARNING - User selected 'y' (emergency situation). Processing only a list for today
2024-07-08 14:58:11,952 - INFO - Total number of records: 106
2024-07-08 14:58:13,125 - INFO - Got list number 1 of 2
2024-07-08 14:58:13,647 - INFO - Got list number 2 of 2
2024-07-08 15:00:35,757 - INFO - file/directory: 'historical csv files' was found, moving on.
2024-07-08 15:00:35,758 - INFO - Entering loop # 1
2024-07-08 15:00:38,518 - INFO - selected site: 2
2024-07-08 15:00:40,174 - WARNING - User selected 'y' (emergency situation). Processing only a list for today
2024-07-08 15:00:41,179 - INFO - Total number of records: 106
2024-07-08 15:02:05,998 - INFO - file/directory: 'historical csv files' was found, moving on.
2024-07-08 15:02:05,999 - INFO - Entering loop # 1
2024-07-08 15:02:09,255 - INFO - selected site: 2
2024-07-08 15:02:10,735 - WARNING - User selected 'y' (emergency situation). Processing only a list for today
2024-07-08 15:02:11,875 - INFO - Total number of records: 107
2024-07-08 15:03:04,698 - INFO - Got list number 1 of 2
2024-07-08 15:03:05,534 - ERROR - Unable to get initial API instance 'payload'
2024-07-08 15:03:05,538 - INFO - able to find and change the value
2024-07-08 15:03:05,539 - INFO - successfully wrote in timestamp
2024-07-08 15:03:05,539 - INFO - sucessfully wrote the new timestamp 2024-07-08 15:03:05.535870
2024-07-08 15:03:05,540 - INFO - At least the config_timestamp was reset
2024-07-08 15:03:05,540 - INFO - Program exited safely on its own
2024-07-08 15:11:12,590 - INFO - file/directory: 'historical csv files' was found, moving on.
2024-07-08 15:11:12,591 - INFO - Entering loop # 1
2024-07-08 15:11:16,175 - INFO - selected site: 2
2024-07-08 15:11:17,254 - WARNING - User selected 'y' (emergency situation). Processing only a list for today
2024-07-08 15:11:19,430 - INFO - Total number of records: 107
2024-07-08 15:11:20,669 - INFO - Got list number 1 of 2
2024-07-08 15:13:41,453 - INFO - file/directory: 'historical csv files' was found, moving on.
2024-07-08 15:13:41,453 - INFO - Entering loop # 1
2024-07-08 15:13:44,230 - INFO - selected site: 2
2024-07-08 15:13:44,920 - WARNING - User selected 'y' (emergency situation). Processing only a list for today
2024-07-08 15:13:45,829 - INFO - Total number of records: 112
2024-07-08 15:13:46,990 - INFO - Got list number 1 of 2
2024-07-08 15:14:08,486 - INFO - Got list number 2 of 2
2024-07-08 15:15:30,199 - ERROR - Unable to get initial API instance argument of type 'int' is not iterable
2024-07-08 15:15:30,202 - INFO - able to find and change the value
2024-07-08 15:15:30,203 - INFO - successfully wrote in timestamp
2024-07-08 15:15:30,204 - INFO - sucessfully wrote the new timestamp 2024-07-08 15:15:30.200334
2024-07-08 15:15:30,205 - INFO - At least the config_timestamp was reset
2024-07-08 15:15:30,205 - INFO - Program exited safely on its own
2024-07-08 15:15:52,894 - INFO - file/directory: 'historical csv files' was found, moving on.
2024-07-08 15:15:52,894 - INFO - Entering loop # 1
2024-07-08 15:15:57,817 - INFO - selected site: 2
2024-07-08 15:15:59,296 - WARNING - User selected 'y' (emergency situation). Processing only a list for today
2024-07-08 15:16:31,509 - INFO - Total number of records: 114
2024-07-08 15:16:32,658 - INFO - Got list number 1 of 2
2024-07-08 15:16:33,247 - INFO - Got list number 2 of 2
2024-07-08 15:17:41,623 - ERROR - Unable to get initial API instance argument of type 'int' is not iterable
2024-07-08 15:17:41,625 - INFO - able to find and change the value
2024-07-08 15:17:41,627 - INFO - successfully wrote in timestamp
2024-07-08 15:17:41,627 - INFO - sucessfully wrote the new timestamp 2024-07-08 15:17:41.623626
2024-07-08 15:17:41,627 - INFO - At least the config_timestamp was reset
2024-07-08 15:17:41,628 - INFO - Program exited safely on its own
2024-07-08 15:17:52,395 - INFO - file/directory: 'historical csv files' was found, moving on.
2024-07-08 15:17:52,396 - INFO - Entering loop # 1
2024-07-08 15:17:55,682 - INFO - selected site: 2
2024-07-08 15:17:57,674 - WARNING - User selected 'y' (emergency situation). Processing only a list for today
2024-07-08 15:18:43,141 - INFO - Total number of records: 114
2024-07-08 15:18:44,262 - INFO - Got list number 1 of 2
2024-07-08 15:18:44,869 - INFO - Got list number 2 of 2
2024-07-08 15:21:16,893 - INFO - file/directory: 'historical csv files' was found, moving on.
2024-07-08 15:21:16,893 - INFO - Entering loop # 1
2024-07-08 15:21:22,691 - INFO - selected site: 2
2024-07-08 15:21:23,989 - WARNING - User selected 'y' (emergency situation). Processing only a list for today
2024-07-08 15:21:26,144 - INFO - Total number of records: 114
2024-07-08 15:21:27,304 - INFO - Got list number 1 of 2
2024-07-08 15:21:30,897 - INFO - Got list number 2 of 2
2024-07-08 15:22:24,390 - INFO - file/directory: 'historical csv files' was found, moving on.
2024-07-08 15:22:24,390 - INFO - Entering loop # 1
2024-07-08 15:22:28,123 - INFO - selected site: 2
2024-07-08 15:22:29,346 - WARNING - User selected 'y' (emergency situation). Processing only a list for today
2024-07-08 15:22:30,416 - INFO - Total number of records: 114
2024-07-08 15:22:32,302 - INFO - Got list number 1 of 2
2024-07-08 15:22:33,218 - INFO - Got list number 2 of 2
2024-07-08 15:23:01,837 - ERROR - Unable to get initial API instance module 'time' has no attribute 'now'
2024-07-08 15:23:01,842 - INFO - able to find and change the value
2024-07-08 15:23:01,844 - INFO - successfully wrote in timestamp
2024-07-08 15:23:01,845 - INFO - sucessfully wrote the new timestamp 2024-07-08 15:23:01.839119
2024-07-08 15:23:01,845 - INFO - At least the config_timestamp was reset
2024-07-08 15:23:01,845 - INFO - Program exited safely on its own
2024-07-08 15:28:59,546 - INFO - file/directory: 'historical csv files' was found, moving on.
2024-07-08 15:28:59,546 - INFO - Entering loop # 1
2024-07-08 15:29:03,803 - INFO - selected site: 2
2024-07-08 15:29:07,135 - WARNING - User selected 'y' (emergency situation). Processing only a list for today
2024-07-08 15:29:08,205 - INFO - Total number of records: 114
2024-07-08 15:29:09,502 - INFO - Got list number 1 of 2
2024-07-08 15:29:10,333 - INFO - Got list number 2 of 2
2024-07-08 15:30:45,891 - INFO - file/directory: 'historical csv files' was found, moving on.
2024-07-08 15:30:45,892 - INFO - Entering loop # 1
2024-07-08 15:30:49,619 - INFO - selected site: 2
2024-07-08 15:30:50,898 - WARNING - User selected 'y' (emergency situation). Processing only a list for today
2024-07-08 15:30:51,983 - INFO - Total number of records: 114
2024-07-08 15:30:53,136 - INFO - Got list number 1 of 2
2024-07-08 15:30:53,733 - INFO - Got list number 2 of 2
2024-07-08 15:31:06,927 - ERROR - Unable to get initial API instance module 'time' has no attribute 'now'
2024-07-08 15:31:06,931 - INFO - able to find and change the value
2024-07-08 15:31:06,933 - INFO - successfully wrote in timestamp
2024-07-08 15:31:06,933 - INFO - sucessfully wrote the new timestamp 2024-07-08 15:31:06.928116
2024-07-08 15:31:06,934 - INFO - At least the config_timestamp was reset
2024-07-08 15:31:06,935 - INFO - Program exited safely on its own
2024-07-08 15:41:26,187 - INFO - file/directory: 'historical csv files' was found, moving on.
2024-07-08 15:41:26,188 - INFO - Entering loop # 1
2024-07-08 15:41:29,874 - INFO - selected site: 4
2024-07-08 15:41:31,404 - WARNING - User selected 'y' (emergency situation). Processing only a list for today
2024-07-08 15:41:32,519 - INFO - Total number of records: 124
2024-07-08 15:41:33,764 - INFO - Got list number 1 of 2
2024-07-08 15:41:34,556 - INFO - Got list number 2 of 2
2024-07-08 15:41:52,763 - ERROR - Unable to get initial API instance module 'time' has no attribute 'now'
2024-07-08 15:41:52,765 - INFO - able to find and change the value
2024-07-08 15:41:52,766 - INFO - successfully wrote in timestamp
2024-07-08 15:41:52,767 - INFO - sucessfully wrote the new timestamp 2024-07-08 15:41:52.763958
2024-07-08 15:41:52,767 - INFO - At least the config_timestamp was reset
2024-07-08 15:41:52,769 - INFO - Program exited safely on its own
